<?xml version="1.0" encoding="UTF-8"?>
<testsuite name="AuthorTest" tests="10" skipped="0" failures="0" errors="0" timestamp="2016-05-10T18:40:35" hostname="epicodus-59.local" time="0.147">
  <properties/>
  <testcase name="equals_returnsTrueIfNamesAretheSame" classname="AuthorTest" time="0.005"/>
  <testcase name="getName_authorInstantiatesWithName_String" classname="AuthorTest" time="0.005"/>
  <testcase name="all_emptyAtFirst" classname="AuthorTest" time="0.009"/>
  <testcase name="Author_instantiatesCorrectlt_true" classname="AuthorTest" time="0.005"/>
  <testcase name="addBook_addsBookToAuthor_true" classname="AuthorTest" time="0.029"/>
  <testcase name="save_savesIntoDatabase_true" classname="AuthorTest" time="0.014"/>
  <testcase name="save_assignsIdToObject" classname="AuthorTest" time="0.014"/>
  <testcase name="find_findAuthorInDatabase_true" classname="AuthorTest" time="0.015"/>
  <testcase name="getBooks_returnsAllBooks_List" classname="AuthorTest" time="0.021"/>
  <testcase name="delete_deletesAllBooksAndAuthorsAssociations" classname="AuthorTest" time="0.027"/>
  <system-out><![CDATA[]]></system-out>
  <system-err><![CDATA[]]></system-err>
</testsuite>
